<?xml version="1.0" encoding="UTF-8"?>
<!-- Generated by org.testng.reporters.JUnitReportReporter -->
<testsuite skipped="0" hostname="DESKTOP-0MD5A9U" name="com.app.scripts.TC001_VerifyDateRangeAnd_INSPCheckbox" tests="1" failures="0" timestamp="2020-10-23T10:21:52 PDT" time="9.588" errors="0">
  <testcase name="verifyCurrentDateAndISNPCheckBox" time="9.588" classname="com.app.scripts.TC001_VerifyDateRangeAnd_INSPCheckbox"/>
  <system-out/>
</testsuite> <!-- com.app.scripts.TC001_VerifyDateRangeAnd_INSPCheckbox -->
