<?xml version="1.0" encoding="UTF-8"?>
<!-- Generated by org.testng.reporters.JUnitReportReporter -->
<testsuite skipped="0" hostname="DESKTOP-0MD5A9U" name="com.app.scripts.RTH" tests="1" failures="0" timestamp="2020-10-19T02:43:03 PDT" time="9.801" errors="0">
  <testcase name="verifypatientcount" time="9.801" classname="com.app.scripts.RTH"/>
  <system-out/>
</testsuite> <!-- com.app.scripts.RTH -->
