<?xml version="1.0" encoding="UTF-8"?>
<!-- Generated by org.testng.reporters.JUnitReportReporter -->
<testsuite skipped="0" hostname="DESKTOP-0MD5A9U" name="com.app.scripts.End_date_diff_month" tests="1" failures="0" timestamp="2020-10-26T11:16:47 PDT" time="22.215" errors="0">
  <testcase name="verifypatientcount" time="22.215" classname="com.app.scripts.End_date_diff_month"/>
  <system-out/>
</testsuite> <!-- com.app.scripts.End_date_diff_month -->
