<?xml version="1.0" encoding="UTF-8"?>
<!-- Generated by org.testng.reporters.JUnitReportReporter -->
<testsuite skipped="0" hostname="DESKTOP-0MD5A9U" name="com.app.scripts.TC00_VerifyTableData" tests="1" failures="0" timestamp="2020-11-02T09:27:54 PST" time="11.146" errors="0">
  <testcase name="verifytabledata" time="11.146" classname="com.app.scripts.TC00_VerifyTableData"/>
  <system-out/>
</testsuite> <!-- com.app.scripts.TC00_VerifyTableData -->
