<?xml version="1.0" encoding="UTF-8"?>
<!-- Generated by org.testng.reporters.JUnitReportReporter -->
<testsuite skipped="0" hostname="DESKTOP-0MD5A9U" name="com.app.scripts.Months_same" tests="1" failures="0" timestamp="2020-11-02T09:27:54 PST" time="22.714" errors="0">
  <testcase name="verifypatientcount" time="22.714" classname="com.app.scripts.Months_same"/>
  <system-out/>
</testsuite> <!-- com.app.scripts.Months_same -->
