<?xml version="1.0" encoding="UTF-8"?>
<!-- Generated by org.testng.reporters.JUnitReportReporter -->
<testsuite skipped="0" hostname="DESKTOP-0MD5A9U" name="com.app.scripts.allfacility.TC001_Addison" tests="1" failures="0" timestamp="2020-11-03T01:07:17 PST" time="9.499" errors="0">
  <testcase name="addison" time="9.499" classname="com.app.scripts.allfacility.TC001_Addison"/>
  <system-out/>
</testsuite> <!-- com.app.scripts.allfacility.TC001_Addison -->
