<?xml version="1.0" encoding="UTF-8"?>
<!-- Generated by org.testng.reporters.JUnitReportReporter -->
<testsuite skipped="0" hostname="DESKTOP-0MD5A9U" name="com.app.scripts.allfacility.TC002_AdvancedHC" tests="1" failures="0" timestamp="2020-11-03T01:13:21 PST" time="10.181" errors="0">
  <testcase name="addison" time="10.181" classname="com.app.scripts.allfacility.TC002_AdvancedHC"/>
  <system-out/>
</testsuite> <!-- com.app.scripts.allfacility.TC002_AdvancedHC -->
