<?xml version="1.0" encoding="UTF-8"?>
<!-- Generated by org.testng.reporters.JUnitReportReporter -->
<testsuite skipped="0" hostname="DESKTOP-0MD5A9U" name="com.app.scripts.TC004_VerifyDaysofCare" tests="1" failures="0" timestamp="2020-11-04T09:33:58 PST" time="21.604" errors="0">
  <testcase name="verifypatientcount" time="21.604" classname="com.app.scripts.TC004_VerifyDaysofCare"/>
  <system-out/>
</testsuite> <!-- com.app.scripts.TC004_VerifyDaysofCare -->
