<?xml version="1.0" encoding="UTF-8"?>
<!-- Generated by org.testng.reporters.JUnitReportReporter -->
<testsuite skipped="0" hostname="DESKTOP-0MD5A9U" name="com.app.scripts.allfacility.TC052_Kensington" tests="1" failures="0" timestamp="2020-11-04T10:50:31 PST" time="11.221" errors="0">
  <testcase name="kensington" time="11.221" classname="com.app.scripts.allfacility.TC052_Kensington"/>
  <system-out/>
</testsuite> <!-- com.app.scripts.allfacility.TC052_Kensington -->
