<?xml version="1.0" encoding="UTF-8"?>
<!-- Generated by org.testng.reporters.JUnitReportReporter -->
<testsuite skipped="0" hostname="DESKTOP-0MD5A9U" name="com.app.scripts.TC008_VerifyACHslashADM" tests="1" failures="0" timestamp="2020-10-23T10:21:52 PDT" time="21.779" errors="0">
  <testcase name="verifyachslashadm" time="21.779" classname="com.app.scripts.TC008_VerifyACHslashADM"/>
  <system-out/>
</testsuite> <!-- com.app.scripts.TC008_VerifyACHslashADM -->
