<?xml version="1.0" encoding="UTF-8"?>
<!-- Generated by org.testng.reporters.JUnitReportReporter -->
<testsuite skipped="0" hostname="DESKTOP-0MD5A9U" name="com.app.scripts.TC016_Label" tests="1" failures="0" timestamp="2020-11-04T03:14:13 PST" time="9.921" errors="0">
  <testcase name="label" time="9.921" classname="com.app.scripts.TC016_Label"/>
  <system-out/>
</testsuite> <!-- com.app.scripts.TC016_Label -->
