<?xml version="1.0" encoding="UTF-8"?>
<!-- Generated by org.testng.reporters.JUnitReportReporter -->
<testsuite skipped="0" hostname="DESKTOP-0MD5A9U" name="com.app.scripts.logins.TC004_InvalidPassword" tests="1" failures="0" timestamp="2020-11-04T01:36:00 PST" time="2.412" errors="0">
  <testcase name="invalidpassword" time="2.412" classname="com.app.scripts.logins.TC004_InvalidPassword"/>
  <system-out/>
</testsuite> <!-- com.app.scripts.logins.TC004_InvalidPassword -->
