<?xml version="1.0" encoding="UTF-8"?>
<!-- Generated by org.testng.reporters.JUnitReportReporter -->
<testsuite skipped="0" hostname="DESKTOP-0MD5A9U" name="com.app.scripts.logins.TC003_InvalidEmail" tests="1" failures="0" timestamp="2020-11-04T10:12:34 PST" time="1.150" errors="0">
  <testcase name="invalidemail" time="1.150" classname="com.app.scripts.logins.TC003_InvalidEmail"/>
  <system-out/>
</testsuite> <!-- com.app.scripts.logins.TC003_InvalidEmail -->
