<?xml version="1.0" encoding="UTF-8"?>
<!-- Generated by org.testng.reporters.JUnitReportReporter -->
<testsuite skipped="0" hostname="DESKTOP-0MD5A9U" name="com.app.scripts.testing" tests="1" failures="0" timestamp="2020-10-27T07:53:36 PDT" time="19.238" errors="0">
  <testcase name="verifypatientcount" time="19.238" classname="com.app.scripts.testing"/>
  <system-out/>
</testsuite> <!-- com.app.scripts.testing -->
