<?xml version="1.0" encoding="UTF-8"?>
<!-- Generated by org.testng.reporters.JUnitReportReporter -->
<testsuite skipped="0" hostname="DESKTOP-0MD5A9U" name="com.app.scripts.allfacility.TC006_Annandale" tests="1" failures="0" timestamp="2020-11-03T02:45:23 PST" time="9.740" errors="0">
  <testcase name="annadale" time="9.740" classname="com.app.scripts.allfacility.TC006_Annandale"/>
  <system-out/>
</testsuite> <!-- com.app.scripts.allfacility.TC006_Annandale -->
