<?xml version="1.0" encoding="UTF-8"?>
<!-- Generated by org.testng.reporters.JUnitReportReporter -->
<testsuite skipped="0" hostname="DESKTOP-0MD5A9U" name="com.app.scripts.TC010_VerifyEDslash1000" tests="1" failures="0" timestamp="2020-11-04T09:33:58 PST" time="20.998" errors="0">
  <testcase name="verifyhslash1000" time="20.998" classname="com.app.scripts.TC010_VerifyEDslash1000"/>
  <system-out/>
</testsuite> <!-- com.app.scripts.TC010_VerifyEDslash1000 -->
