<?xml version="1.0" encoding="UTF-8"?>
<!-- Generated by org.testng.reporters.JUnitReportReporter -->
<testsuite skipped="0" hostname="DESKTOP-0MD5A9U" name="com.app.scripts.allfacility.TC021_Clinton" tests="1" failures="0" timestamp="2020-11-04T10:50:31 PST" time="12.441" errors="0">
  <testcase name="clinton" time="12.441" classname="com.app.scripts.allfacility.TC021_Clinton"/>
  <system-out/>
</testsuite> <!-- com.app.scripts.allfacility.TC021_Clinton -->
