<?xml version="1.0" encoding="UTF-8"?>
<!-- Generated by org.testng.reporters.JUnitReportReporter -->
<testsuite skipped="0" hostname="DESKTOP-0MD5A9U" name="com.app.scripts.TC013_ISNP" tests="1" failures="0" timestamp="2020-11-02T08:51:52 PST" time="9.670" errors="0">
  <testcase name="verifyISNPCheckBox" time="9.670" classname="com.app.scripts.TC013_ISNP"/>
  <system-out/>
</testsuite> <!-- com.app.scripts.TC013_ISNP -->
