<?xml version="1.0" encoding="UTF-8"?>
<!-- Generated by org.testng.reporters.JUnitReportReporter -->
<testsuite skipped="0" hostname="DESKTOP-0MD5A9U" name="com.app.scripts.TC005_VerifySNFADM" tests="1" failures="0" timestamp="2020-11-04T09:33:58 PST" time="21.460" errors="0">
  <testcase name="verifsnfadm" time="21.460" classname="com.app.scripts.TC005_VerifySNFADM"/>
  <system-out/>
</testsuite> <!-- com.app.scripts.TC005_VerifySNFADM -->
