<?xml version="1.0" encoding="UTF-8"?>
<!-- Generated by org.testng.reporters.JUnitReportReporter -->
<testsuite skipped="0" hostname="DESKTOP-0MD5A9U" name="com.app.scripts.allfacility.TC069_Southpointe" tests="1" failures="0" timestamp="2020-11-04T10:50:31 PST" time="9.964" errors="0">
  <testcase name="southpointe" time="9.964" classname="com.app.scripts.allfacility.TC069_Southpointe"/>
  <system-out/>
</testsuite> <!-- com.app.scripts.allfacility.TC069_Southpointe -->
