<?xml version="1.0" encoding="UTF-8"?>
<!-- Generated by org.testng.reporters.JUnitReportReporter -->
<testsuite skipped="0" hostname="DESKTOP-0MD5A9U" name="com.app.scripts.logins.TC001_ValidLogin" tests="1" failures="0" timestamp="2020-11-04T10:12:34 PST" time="1.727" errors="0">
  <testcase name="validlogin" time="1.727" classname="com.app.scripts.logins.TC001_ValidLogin"/>
  <system-out/>
</testsuite> <!-- com.app.scripts.logins.TC001_ValidLogin -->
