<?xml version="1.0" encoding="UTF-8"?>
<!-- Generated by org.testng.reporters.JUnitReportReporter -->
<testsuite skipped="0" hostname="DESKTOP-0MD5A9U" name="com.app.scripts.End_date_diff_month" tests="1" failures="0" timestamp="2020-11-04T09:33:58 PST" time="21.914" errors="0">
  <testcase name="verifypatientcount" time="21.914" classname="com.app.scripts.End_date_diff_month"/>
  <system-out/>
</testsuite> <!-- com.app.scripts.End_date_diff_month -->
