<?xml version="1.0" encoding="UTF-8"?>
<!-- Generated by org.testng.reporters.JUnitReportReporter -->
<testsuite skipped="0" hostname="DESKTOP-0MD5A9U" name="com.app.scripts.physicianpage.TCP001_ProfileTitle" tests="1" failures="0" timestamp="2020-11-09T09:43:26 PST" time="18.827" errors="0">
  <testcase name="profiletitle" time="18.827" classname="com.app.scripts.physicianpage.TCP001_ProfileTitle"/>
  <system-out/>
</testsuite> <!-- com.app.scripts.physicianpage.TCP001_ProfileTitle -->
