<?xml version="1.0" encoding="UTF-8"?>
<!-- Generated by org.testng.reporters.JUnitReportReporter -->
<testsuite skipped="0" hostname="DESKTOP-0MD5A9U" name="com.app.scripts.Months_different" tests="1" failures="0" timestamp="2020-10-27T07:09:49 PDT" time="22.355" errors="0">
  <testcase name="verifypatientcount" time="22.355" classname="com.app.scripts.Months_different"/>
  <system-out/>
</testsuite> <!-- com.app.scripts.Months_different -->
