<?xml version="1.0" encoding="UTF-8"?>
<!-- Generated by org.testng.reporters.JUnitReportReporter -->
<testsuite skipped="0" hostname="DESKTOP-0MD5A9U" name="com.app.scripts.allfacility.TC036_GardenValley" tests="1" failures="0" timestamp="2020-11-04T10:50:31 PST" time="9.289" errors="0">
  <testcase name="gardenvalley" time="9.289" classname="com.app.scripts.allfacility.TC036_GardenValley"/>
  <system-out/>
</testsuite> <!-- com.app.scripts.allfacility.TC036_GardenValley -->
