<?xml version="1.0" encoding="UTF-8"?>
<!-- Generated by org.testng.reporters.JUnitReportReporter -->
<testsuite skipped="0" hostname="DESKTOP-0MD5A9U" name="com.app.scripts.VerifyDaysofCare" tests="1" failures="0" timestamp="2020-10-08T18:21:13 PDT" time="9.493" errors="0">
  <testcase name="verifypatientcount" time="9.493" classname="com.app.scripts.VerifyDaysofCare"/>
  <system-out/>
</testsuite> <!-- com.app.scripts.VerifyDaysofCare -->
