<?xml version="1.0" encoding="UTF-8"?>
<!-- Generated by org.testng.reporters.JUnitReportReporter -->
<testsuite skipped="0" hostname="DESKTOP-0MD5A9U" name="com.app.scripts.Months_different" tests="1" failures="0" timestamp="2020-11-02T09:27:54 PST" time="23.091" errors="0">
  <testcase name="monthsdifferent" time="23.091" classname="com.app.scripts.Months_different"/>
  <system-out/>
</testsuite> <!-- com.app.scripts.Months_different -->
