<?xml version="1.0" encoding="UTF-8"?>
<!-- Generated by org.testng.reporters.JUnitReportReporter -->
<testsuite skipped="0" hostname="DESKTOP-0MD5A9U" name="com.app.scripts.allfacility.TC035_FtWashington" tests="1" failures="0" timestamp="2020-11-03T05:27:43 PST" time="11.522" errors="0">
  <testcase name="ftwashington" time="11.522" classname="com.app.scripts.allfacility.TC035_FtWashington"/>
  <system-out/>
</testsuite> <!-- com.app.scripts.allfacility.TC035_FtWashington -->
