<?xml version="1.0" encoding="UTF-8"?>
<!-- Generated by org.testng.reporters.JUnitReportReporter -->
<testsuite skipped="0" hostname="DESKTOP-0MD5A9U" name="com.app.scripts.TC016_Label" tests="1" failures="0" timestamp="2020-11-06T12:16:20 PST" time="8.297" errors="0">
  <testcase name="label" time="8.297" classname="com.app.scripts.TC016_Label"/>
  <system-out/>
</testsuite> <!-- com.app.scripts.TC016_Label -->
