<?xml version="1.0" encoding="UTF-8"?>
<!-- Generated by org.testng.reporters.JUnitReportReporter -->
<testsuite skipped="0" hostname="DESKTOP-0MD5A9U" name="com.app.scripts.TC009_VerifyHslash1000" tests="1" failures="0" timestamp="2020-10-23T10:21:52 PDT" time="21.333" errors="0">
  <testcase name="verifyhslash1000" time="21.333" classname="com.app.scripts.TC009_VerifyHslash1000"/>
  <system-out/>
</testsuite> <!-- com.app.scripts.TC009_VerifyHslash1000 -->
