<?xml version="1.0" encoding="UTF-8"?>
<!-- Generated by org.testng.reporters.JUnitReportReporter -->
<testsuite skipped="0" hostname="DESKTOP-0MD5A9U" name="com.app.scripts.allfacility.TC057_MtVernon" tests="1" failures="0" timestamp="2020-11-04T10:50:31 PST" time="11.949" errors="0">
  <testcase name="mtvernon" time="11.949" classname="com.app.scripts.allfacility.TC057_MtVernon"/>
  <system-out/>
</testsuite> <!-- com.app.scripts.allfacility.TC057_MtVernon -->
