<?xml version="1.0" encoding="UTF-8"?>
<!-- Generated by org.testng.reporters.JUnitReportReporter -->
<testsuite skipped="0" hostname="DESKTOP-0MD5A9U" name="com.app.scripts.logins.TC002_InvalidLogin" tests="1" failures="0" timestamp="2020-11-04T10:12:34 PST" time="1.224" errors="0">
  <testcase name="invalidlogin" time="1.224" classname="com.app.scripts.logins.TC002_InvalidLogin"/>
  <system-out/>
</testsuite> <!-- com.app.scripts.logins.TC002_InvalidLogin -->
